[2024-03-06 19:08:38,965: INFO: main: Welcome to our Custom Logging:]
[2024-03-06 19:09:01,206: INFO: main: Welcome to our Custom Logging:]
[2024-03-08 10:27:33,688: INFO: common: yaml file: config\config.yaml loaded successfully:]
[2024-03-08 10:27:33,698: INFO: common: yaml file: params.yaml loaded successfully:]
[2024-03-08 10:27:33,701: INFO: common: created directory at: artifacts:]
[2024-03-08 10:27:33,705: INFO: common: created directory at: artifacts/data_ingestion:]
[2024-03-08 10:27:41,556: INFO: 900095965: artifacts/data_ingestion/data.zip downloaded with following INFO :
Connection: close
Content-Length: 24843480
Cache-Control: max-age=300
Content-Security-Policy: default-src 'none'; style-src 'unsafe-inline'; sandbox
Content-Type: application/zip
ETag: "ec1657062acfdc0daea4f33ae1b7e55c735622f0a055367c8f57ac72c8e0a9e2"
Strict-Transport-Security: max-age=31536000
X-Content-Type-Options: nosniff
X-Frame-Options: deny
X-XSS-Protection: 1; mode=block
X-GitHub-Request-Id: 22B8:2F6BB:230356:2E0284:65EA9AB8
Accept-Ranges: bytes
Date: Fri, 08 Mar 2024 04:57:39 GMT
Via: 1.1 varnish
X-Served-By: cache-ccu830035-CCU
X-Cache: MISS
X-Cache-Hits: 0
X-Timer: S1709873858.026915,VS0,VE1559
Vary: Authorization,Accept-Encoding,Origin
Access-Control-Allow-Origin: *
Cross-Origin-Resource-Policy: cross-origin
X-Fastly-Request-ID: af2e90f71059e887664bf1c1178478e918b570a3
Expires: Fri, 08 Mar 2024 05:02:39 GMT
Source-Age: 1

:]
[2024-03-08 10:30:08,061: INFO: common: yaml file: config\config.yaml loaded successfully:]
[2024-03-08 10:30:08,063: INFO: common: yaml file: params.yaml loaded successfully:]
[2024-03-08 10:30:08,066: INFO: common: created directory at: artifacts:]
[2024-03-08 10:30:08,068: INFO: common: created directory at: artifacts/data_ingestion:]
[2024-03-08 10:30:08,069: INFO: 900095965: File already exists of size: ~ 0 KB:]
[2024-03-08 10:36:51,798: INFO: common: yaml file: config\config.yaml loaded successfully:]
[2024-03-08 10:36:51,801: INFO: common: yaml file: params.yaml loaded successfully:]
[2024-03-08 10:36:51,802: INFO: common: created directory at: artifacts:]
[2024-03-08 10:36:51,805: INFO: common: created directory at: artifacts/data_ingestion:]
[2024-03-08 10:36:51,807: INFO: 900095965: File already exists of size: ~ 0 KB:]
[2024-03-08 10:37:08,214: INFO: common: yaml file: config\config.yaml loaded successfully:]
[2024-03-08 10:37:08,218: INFO: common: yaml file: params.yaml loaded successfully:]
[2024-03-08 10:37:08,221: INFO: common: created directory at: artifacts:]
[2024-03-08 10:37:08,223: INFO: common: created directory at: artifacts/data_ingestion:]
[2024-03-08 10:37:10,298: INFO: 900095965: artifacts/data_ingestion/data.zip downloaded with following INFO :
Connection: close
Content-Length: 4092002
Cache-Control: max-age=300
Content-Security-Policy: default-src 'none'; style-src 'unsafe-inline'; sandbox
Content-Type: application/zip
ETag: "38e8827805e456191b33aa0cb254da01b08ed538a0efb469e600dd70e03ee93a"
Strict-Transport-Security: max-age=31536000
X-Content-Type-Options: nosniff
X-Frame-Options: deny
X-XSS-Protection: 1; mode=block
X-GitHub-Request-Id: D1C4:2E11D:237698:2E7D3D:65EA9CFF
Accept-Ranges: bytes
Date: Fri, 08 Mar 2024 05:07:11 GMT
Via: 1.1 varnish
X-Served-By: cache-maa10236-MAA
X-Cache: MISS
X-Cache-Hits: 0
X-Timer: S1709874432.646655,VS0,VE350
Vary: Authorization,Accept-Encoding,Origin
Access-Control-Allow-Origin: *
Cross-Origin-Resource-Policy: cross-origin
X-Fastly-Request-ID: 4dc5ff0be610f99eeb242c4a7374b766267de582
Expires: Fri, 08 Mar 2024 05:12:11 GMT
Source-Age: 0

:]
[2024-03-08 11:17:31,933: INFO: main: >>>>>>> Data Ingestion Stage Started <<<<<<<:]
[2024-03-08 11:17:31,935: INFO: common: yaml file: config\config.yaml loaded successfully:]
[2024-03-08 11:17:31,936: INFO: common: yaml file: params.yaml loaded successfully:]
[2024-03-08 11:17:31,938: INFO: common: created directory at: artifacts:]
[2024-03-08 11:17:31,939: INFO: common: created directory at: artifacts/data_ingestion:]
[2024-03-08 11:17:33,893: INFO: data_ingestion: artifacts/data_ingestion/data.zip downloaded with following INFO :
Connection: close
Content-Length: 4092002
Cache-Control: max-age=300
Content-Security-Policy: default-src 'none'; style-src 'unsafe-inline'; sandbox
Content-Type: application/zip
ETag: "38e8827805e456191b33aa0cb254da01b08ed538a0efb469e600dd70e03ee93a"
Strict-Transport-Security: max-age=31536000
X-Content-Type-Options: nosniff
X-Frame-Options: deny
X-XSS-Protection: 1; mode=block
X-GitHub-Request-Id: D1C4:2E11D:237698:2E7D3D:65EA9CFF
Accept-Ranges: bytes
Date: Fri, 08 Mar 2024 05:47:33 GMT
Via: 1.1 varnish
X-Served-By: cache-maa10243-MAA
X-Cache: HIT
X-Cache-Hits: 1
X-Timer: S1709876853.895459,VS0,VE327
Vary: Authorization,Accept-Encoding,Origin
Access-Control-Allow-Origin: *
Cross-Origin-Resource-Policy: cross-origin
X-Fastly-Request-ID: 9fbe521795dd64dff88d77eb5f18c62e944015ac
Expires: Fri, 08 Mar 2024 05:52:33 GMT
Source-Age: 0

:]
[2024-03-08 11:17:33,973: INFO: main: >>>>>>> Data Ingestion Stage Completed <<<<<<<

:]
